<?xml version="1.0" encoding="UTF-8"?>
<!-- Generated by org.testng.reporters.JUnitXMLReporter -->
<testsuite hostname="WINDOWS-TOCRG0D" ignored="0" name="Default test" tests="3" failures="0" timestamp="2021-07-31T13:50:55 IST" time="0.161" errors="0">
  <testcase name="test1" time="0.029" classname="com.pom.pages.Test1"/>
  <testcase name="test3" time="0.003" classname="com.pom.pages.Test1"/>
  <testcase name="test2" time="0.006" classname="com.pom.pages.Test1"/>
</testsuite> <!-- Default test -->
