<?xml version="1.0" encoding="UTF-8"?>
<!-- Generated by org.testng.reporters.JUnitXMLReporter -->
<testsuite hostname="WINDOWS-TOCRG0D" ignored="0" name="Test" tests="6" failures="0" timestamp="2021-07-31T13:58:43 IST" time="0.084" errors="0">
  <testcase name="test5" time="0.01" classname="com.pom.pages.Test2"/>
  <testcase name="test6" time="0.001" classname="com.pom.pages.Test2"/>
  <testcase name="test4" time="0.002" classname="com.pom.pages.Test2"/>
  <testcase name="test1" time="0.004" classname="com.pom.pages.Test1"/>
  <testcase name="test3" time="0.002" classname="com.pom.pages.Test1"/>
  <testcase name="test2" time="0.002" classname="com.pom.pages.Test1"/>
</testsuite> <!-- Test -->
