<?xml version="1.0" encoding="UTF-8"?>
<testng-results skipped="0" failed="0" ignored="0" total="1" passed="1">
  <reporter-output>
  </reporter-output>
  <suite name="Default suite" duration-ms="61" started-at="2021-08-05T12:46:09 IST" finished-at="2021-08-05T12:46:09 IST">
    <groups>
    </groups>
    <test name="Default test" duration-ms="61" started-at="2021-08-05T12:46:09 IST" finished-at="2021-08-05T12:46:09 IST">
      <class name="com.pom.pages.Test3">
        <test-method status="PASS" signature="test5()[pri:0, instance:com.pom.pages.Test3@68bbe345]" name="test5" duration-ms="11" started-at="2021-08-05T12:46:09 IST" finished-at="2021-08-05T12:46:09 IST">
          <reporter-output>
          </reporter-output>
        </test-method> <!-- test5 -->
      </class> <!-- com.pom.pages.Test3 -->
    </test> <!-- Default test -->
  </suite> <!-- Default suite -->
</testng-results>
