<?xml version="1.0" encoding="UTF-8"?>
<testng-results skipped="0" failed="0" ignored="0" total="6" passed="6">
  <reporter-output>
  </reporter-output>
  <suite name="Suite" duration-ms="84" started-at="2021-07-31T13:58:43 IST" finished-at="2021-07-31T13:58:43 IST">
    <groups>
    </groups>
    <test name="Test" duration-ms="84" started-at="2021-07-31T13:58:43 IST" finished-at="2021-07-31T13:58:43 IST">
      <class name="com.pom.pages.Test1">
        <test-method status="PASS" signature="test1()[pri:-2, instance:com.pom.pages.Test1@5a8806ef]" name="test1" duration-ms="4" started-at="2021-07-31T13:58:43 IST" finished-at="2021-07-31T13:58:43 IST">
          <reporter-output>
          </reporter-output>
        </test-method> <!-- test1 -->
        <test-method status="PASS" signature="test3()[pri:-1, instance:com.pom.pages.Test1@5a8806ef]" name="test3" duration-ms="2" started-at="2021-07-31T13:58:43 IST" finished-at="2021-07-31T13:58:43 IST">
          <reporter-output>
          </reporter-output>
        </test-method> <!-- test3 -->
        <test-method status="PASS" signature="test2()[pri:0, instance:com.pom.pages.Test1@5a8806ef]" name="test2" duration-ms="2" started-at="2021-07-31T13:58:43 IST" finished-at="2021-07-31T13:58:43 IST">
          <reporter-output>
          </reporter-output>
        </test-method> <!-- test2 -->
      </class> <!-- com.pom.pages.Test1 -->
      <class name="com.pom.pages.Test2">
        <test-method status="PASS" signature="test5()[pri:0, instance:com.pom.pages.Test2@57855c9a]" name="test5" duration-ms="10" started-at="2021-07-31T13:58:43 IST" finished-at="2021-07-31T13:58:43 IST">
          <reporter-output>
          </reporter-output>
        </test-method> <!-- test5 -->
        <test-method status="PASS" signature="test6()[pri:1, instance:com.pom.pages.Test2@57855c9a]" name="test6" duration-ms="1" started-at="2021-07-31T13:58:43 IST" finished-at="2021-07-31T13:58:43 IST">
          <reporter-output>
          </reporter-output>
        </test-method> <!-- test6 -->
        <test-method status="PASS" signature="test4()[pri:2, instance:com.pom.pages.Test2@57855c9a]" name="test4" duration-ms="2" started-at="2021-07-31T13:58:43 IST" finished-at="2021-07-31T13:58:43 IST">
          <reporter-output>
          </reporter-output>
        </test-method> <!-- test4 -->
      </class> <!-- com.pom.pages.Test2 -->
    </test> <!-- Test -->
  </suite> <!-- Suite -->
</testng-results>
